android/app/build/outputs/mapping/release/seeds.txt
com.construction.MainApplication
com.construction.MainActivity
com.construction.MainActivity: MainActivity()
com.construction.MainApplication: MainApplication()
...
com.google.android.play.core.integrity.r: com.google.android.gms.tasks.TaskCompletionSource c
com.google.android.gms.internal.firebase-auth-api.zzjy: com.google.android.gms.internal.firebase-auth-api.zzjl zza
com.google.android.gms.internal.firebase-auth-api.zzfp: com.google.android.gms.internal.firebase-auth-api.zzfp zza
com.facebook.react.bridge.ReactMarkerConstants: com.facebook.react.bridge.ReactMarkerConstants CREATE_VIEW_MANAGERS_END
com.google.android.gms.internal.measurement.zzlx: java.util.List zza
com.google.android.gms.internal.measurement.zzat: java.util.ArrayList zzb
com.google.android.gms.internal.firebase-auth-api.zzir: int zza
com.google.android.material.button.MaterialButton$SavedState: android.os.Parcelable$Creator CREATOR
com.google.android.recaptcha.internal.zzam: com.google.android.recaptcha.internal.zzao zza
com.google.android.gms.internal.firebase-auth-api.zzake: java.lang.Object zzb
com.google.android.gms.internal.measurement.zzfi$zzl: com.google.android.gms.internal.measurement.zzjf zzh
com.google.android.gms.internal.measurement.zzpn: com.google.android.gms.internal.measurement.zzgn zzi
com.facebook.react.fabric.FabricUIManager: boolean IS_DEVELOPMENT_ENVIRONMENT
com.google.android.gms.internal.measurement.zzfi$zzj: java.lang.String zzbm
com.facebook.react.modules.devloading.DevLoadingModule: com.facebook.react.bridge.JSExceptionHandler mJSExceptionHandler
com.google.android.gms.internal.firebase-auth-api.zzmm: int[] zza
com.google.android.gms.internal.firebase-auth-api.zzaiw: com.google.android.gms.internal.firebase-auth-api.zzaiw zzal
com.christopherdro.htmltopdf.RNHTMLtoPDFModule: com.facebook.react.bridge.ReactApplicationContext mReactContext
com.google.android.gms.internal.firebase-auth-api.zzagv: java.lang.String zze
com.google.android.gms.internal.measurement.zzew$zza: int zzf
com.google.android.gms.internal.common.zzw: int zze
com.facebook.react.bridge.ReactContext: java.lang.String TAG
com.google.android.recaptcha.internal.zzkp: com.google.android.recaptcha.internal.zzkp zzb
com.google.android.gms.internal.measurement.zzbv: com.google.android.gms.internal.measurement.zzbv zzba
com.google.android.recaptcha.internal.zzkd: com.google.android.recaptcha.internal.zzfw zze
androidx.lifecycle.Lifecycle$Event: androidx.lifecycle.Lifecycle$Event ON_START
com.facebook.react.bridge.ReactMarkerConstants: com.facebook.react.bridge.ReactMarkerConstants CREATE_UI_MANAGER_MODULE_END
com.google.android.gms.common.api.GoogleApi: int zah
com.google.android.gms.internal.firebase-auth-api.zzwk: byte[] zzd
com.google.android.gms.internal.firebase-auth-api.zzacx: com.google.android.gms.common.api.Status zzab
com.google.android.gms.internal.firebase-auth-api.zzyr: java.lang.String zzb
com.google.android.gms.internal.measurement.zzpf: com.google.common.base.Supplier zzb
com.google.android.gms.internal.auth.zzdc: boolean zzm
com.google.android.gms.internal.auth.zzdc: java.lang.Object zza
com.google.android.gms.internal.measurement.zzir: com.google.android.gms.internal.measurement.zzir zzan
com.google.android.gms.internal.firebase-auth-api.zzagt: java.lang.String zzb
com.google.android.gms.internal.firebase-auth-api.zzfz: com.google.android.gms.internal.firebase-auth-api.zzfz zza
com.google.android.gms.internal.auth.zzgg: int zzd
com.google.android.gms.internal.firebase-auth-api.zzss: int[] zza
com.facebook.fbreact.specs.NativeNetworkingAndroidSpec: java.lang.String NAME
com.google.android.gms.internal.firebase-auth-api.zzzg: com.google.android.gms.internal.firebase-auth-api.zzadk zza
com.google.android.gms.internal.auth.zzcg: android.content.ContentResolver zzc
com.google.android.gms.internal.measurement.zzgn: java.util.concurrent.atomic.AtomicReference zzd
androidx.core.content.ContextCompat: java.lang.Object sLock
com.google.android.gms.internal.firebase-auth-api.zzsk: int[] zza
com.google.android.play.core.integrity.c: java.lang.Long b