android/app/build/outputs/mapping/release/usage.txt
com.construction.BuildConfig
com.construction.R$color
com.construction.R$drawable
com.construction.R$integer
com.construction.R$mipmap
com.construction.R$string
com.construction.R$style
com.construction.R
...
org.bouncycastle.crypto.digests.GOST3411_2012_256Digest
org.bouncycastle.crypto.digests.GOST3411_2012_512Digest
org.bouncycastle.crypto.digests.GeneralDigest:
    private static final int BYTE_LENGTH
    protected void <init>(org.bouncycastle.crypto.digests.GeneralDigest)
    protected void <init>(byte[])
    protected void copyIn(org.bouncycastle.crypto.digests.GeneralDigest)
    public int getByteLength()
    protected void populateState(byte[])
org.bouncycastle.crypto.digests.Haraka256Digest
org.bouncycastle.crypto.digests.Haraka512Digest
org.bouncycastle.crypto.digests.HarakaBase
org.bouncycastle.crypto.digests.KeccakDigest:
    public void <init>()
    public void <init>(org.bouncycastle.crypto.digests.KeccakDigest)
    public int doFinal(byte[],int)
    protected int doFinal(byte[],int,byte,int)
    public java.lang.String getAlgorithmName()
    public int getByteLength()
org.bouncycastle.crypto.digests.LongDigest:
    private static final int BYTE_LENGTH
    protected void <init>(org.bouncycastle.crypto.digests.LongDigest)
    protected void copyIn(org.bouncycastle.crypto.digests.LongDigest)
    public int getByteLength()
    protected int getEncodedStateSize()
    protected void populateState(byte[])
    protected void restoreState(byte[])
org.bouncycastle.crypto.digests.MD2Digest
org.bouncycastle.crypto.digests.MD4Digest
org.bouncycastle.crypto.digests.MD5Digest
org.bouncycastle.crypto.digests.NonMemoableDigest
org.bouncycastle.crypto.digests.NullDigest$1
org.bouncycastle.crypto.digests.NullDigest$OpenByteArrayOutputStream
org.bouncycastle.crypto.digests.NullDigest
org.bouncycastle.crypto.digests.RIPEMD128Digest
org.bouncycastle.crypto.digests.RIPEMD160Digest
org.bouncycastle.crypto.digests.RIPEMD256Digest
org.bouncycastle.crypto.digests.RIPEMD320Digest
org.bouncycastle.crypto.digests.SHA1Digest:
    private static final int DIGEST_LENGTH
    private static final int Y1
    private static final int Y2
    private static final int Y3
    private static final int Y4
    public void <init>(org.bouncycastle.crypto.digests.SHA1Digest)
    public void <init>(byte[])
    public org.bouncycastle.util.Memoable copy()
    private void copyIn(org.bouncycastle.crypto.digests.SHA1Digest)
    public byte[] getEncodedState()
    public void reset(org.bouncycastle.util.Memoable)
org.bouncycastle.crypto.digests.SHA224Digest:
    private static final int DIGEST_LENGTH
    public void <init>(org.bouncycastle.crypto.digests.SHA224Digest)
    public void <init>(byte[])
    public org.bouncycastle.util.Memoable copy()
    private void doCopy(org.bouncycastle.crypto.digests.SHA224Digest)
    public byte[] getEncodedState()
    public void reset(org.bouncycastle.util.Memoable)
org.bouncycastle.crypto.digests.SHA256Digest:
    private static final int DIGEST_LENGTH
    public void <init>(org.bouncycastle.crypto.digests.SHA256Digest)
    public void <init>(byte[])
    public org.bouncycastle.util.Memoable copy()
    private void copyIn(org.bouncycastle.crypto.digests.SHA256Digest)
    public byte[] getEncodedState()
    public void reset(org.bouncycastle.util.Memoable)
org.bouncycastle.crypto.digests.SHA384Digest:
    private static final int DIGEST_LENGTH
    public void <init>(org.bouncycastle.crypto.digests.SHA384Digest)
    public void <init>(byte[])
    public org.bouncycastle.util.Memoable copy()
    public byte[] getEncodedState()
    public void reset(org.bouncycastle.util.Memoable)
org.bouncycastle.crypto.digests.SHA3Digest
org.bouncycastle.crypto.digests.SHA512Digest:
    private static final int DIGEST_LENGTH
    public void <init>(org.bouncycastle.crypto.digests.SHA512Digest)
    public void <init>(byte[])
    public org.bouncycastle.util.Memoable copy()
    public byte[] getEncodedState()
    public void reset(org.bouncycastle.util.Memoable)
org.bouncycastle.crypto.digests.SHA512tDigest